Connecting to Google Cloud ARCO-ERA5 dataset...
Found 1 initialization dates to process.
[2026-02-19] Extracting times: ['2026-02-18T00:00:00', '2026-02-19T00:00:00']
  -> extracting geopotential...
  -> extracting temperature...
  -> extracting u_component_of_wind...
  -> extracting v_component_of_wind...
  -> extracting specific_humidity...
  -> extracting 2m_temperature...
  -> extracting 2m_dewpoint_temperature...
  -> extracting sea_surface_temperature...
  -> extracting top_net_thermal_radiation...
  -> extracting 10m_u_component_of_wind...
  -> extracting 10m_v_component_of_wind...
  -> extracting 100m_u_component_of_wind...
  -> extracting 100m_v_component_of_wind...
  -> extracting mean_sea_level_pressure...
  -> extracting total_column_water_vapour...
  -> extracting total_precipitation...
[2026-02-19] Finished!
Connecting to Google Cloud ARCO-ERA5 dataset...
Found 1 initialization dates to process.
[2026-02-26] Extracting times: ['2026-02-25T00:00:00', '2026-02-26T00:00:00']
  -> extracting geopotential...
  -> extracting temperature...
  -> extracting u_component_of_wind...
  -> extracting v_component_of_wind...
  -> extracting specific_humidity...
  -> extracting 2m_temperature...
  -> extracting 2m_dewpoint_temperature...
  -> extracting sea_surface_temperature...
  -> extracting top_net_thermal_radiation...
  -> extracting 10m_u_component_of_wind...
  -> extracting 10m_v_component_of_wind...
  -> extracting 100m_u_component_of_wind...
  -> extracting 100m_v_component_of_wind...
  -> extracting mean_sea_level_pressure...
  -> extracting total_column_water_vapour...
  -> extracting total_precipitation...
[2026-02-26] Finished!
Connecting to Google Cloud ARCO-ERA5 dataset...
Found 1 initialization dates to process.
[2026-03-05] Extracting times: ['2026-03-04T00:00:00', '2026-03-05T00:00:00']
  -> extracting geopotential...
  -> extracting temperature...
  -> extracting u_component_of_wind...
  -> extracting v_component_of_wind...
  -> extracting specific_humidity...
  -> extracting 2m_temperature...
  -> extracting 2m_dewpoint_temperature...
  -> extracting sea_surface_temperature...
  -> extracting top_net_thermal_radiation...
  -> extracting 10m_u_component_of_wind...
  -> extracting 10m_v_component_of_wind...
  -> extracting 100m_u_component_of_wind...
  -> extracting 100m_v_component_of_wind...
  -> extracting mean_sea_level_pressure...
  -> extracting total_column_water_vapour...
  -> extracting total_precipitation...
[2026-03-05] Finished!
Connecting to Google Cloud ARCO-ERA5 dataset...
Found 1 initialization dates to process.
[2026-03-12] Extracting times: ['2026-03-11T00:00:00', '2026-03-12T00:00:00']
  -> extracting geopotential...
  -> extracting temperature...
  -> extracting u_component_of_wind...
  -> extracting v_component_of_wind...
  -> extracting specific_humidity...
  -> extracting 2m_temperature...
  -> extracting 2m_dewpoint_temperature...
  -> extracting sea_surface_temperature...
  -> extracting top_net_thermal_radiation...
  -> extracting 10m_u_component_of_wind...
  -> extracting 10m_v_component_of_wind...
  -> extracting 100m_u_component_of_wind...
  -> extracting 100m_v_component_of_wind...
  -> extracting mean_sea_level_pressure...
  -> extracting total_column_water_vapour...
  -> extracting total_precipitation...
[2026-03-12] Finished!
Connecting to Google Cloud ARCO-ERA5 dataset...
Found 1 initialization dates to process.
[2026-03-19] Extracting times: ['2026-03-18T00:00:00', '2026-03-19T00:00:00']
  -> extracting geopotential...
  -> extracting temperature...
  -> extracting u_component_of_wind...
  -> extracting v_component_of_wind...
  -> extracting specific_humidity...
  -> extracting 2m_temperature...
  -> extracting 2m_dewpoint_temperature...
  -> extracting sea_surface_temperature...
  -> extracting top_net_thermal_radiation...
  -> extracting 10m_u_component_of_wind...
  -> extracting 10m_v_component_of_wind...
  -> extracting 100m_u_component_of_wind...
  -> extracting 100m_v_component_of_wind...
  -> extracting mean_sea_level_pressure...
  -> extracting total_column_water_vapour...
  -> extracting total_precipitation...
[2026-03-19] Finished!
Connecting to Google Cloud ARCO-ERA5 dataset...
Found 1 initialization dates to process.
[2026-03-26] Extracting times: ['2026-03-25T00:00:00', '2026-03-26T00:00:00']
  -> extracting geopotential...
  -> extracting temperature...
  -> extracting u_component_of_wind...
  -> extracting v_component_of_wind...
  -> extracting specific_humidity...
  -> extracting 2m_temperature...
  -> extracting 2m_dewpoint_temperature...
  -> extracting sea_surface_temperature...
  -> extracting top_net_thermal_radiation...
  -> extracting 10m_u_component_of_wind...
  -> extracting 10m_v_component_of_wind...
  -> extracting 100m_u_component_of_wind...
  -> extracting 100m_v_component_of_wind...
  -> extracting mean_sea_level_pressure...
  -> extracting total_column_water_vapour...
  -> extracting total_precipitation...
[2026-03-26] Finished!

================ Downloading 2026-01-01 ================
input.nc for 2026-01-01 already exists, skipping!

================ Downloading 2026-01-08 ================
input.nc for 2026-01-08 already exists, skipping!

================ Downloading 2026-01-15 ================
input.nc for 2026-01-15 already exists, skipping!

================ Downloading 2026-01-22 ================
input.nc for 2026-01-22 already exists, skipping!

================ Downloading 2026-01-29 ================
input.nc for 2026-01-29 already exists, skipping!

================ Downloading 2026-02-05 ================
input.nc for 2026-02-05 already exists, skipping!

================ Downloading 2026-02-12 ================
input.nc for 2026-02-12 already exists, skipping!

================ Downloading 2026-02-19 ================
Downloading raw ERA5 inputs...
Consolidating into input.nc and fixing dimensions...
Cleaning up raw variables to save storage...

================ Downloading 2026-02-26 ================
Downloading raw ERA5 inputs...
Consolidating into input.nc and fixing dimensions...
Cleaning up raw variables to save storage...

================ Downloading 2026-03-05 ================
Downloading raw ERA5 inputs...
Consolidating into input.nc and fixing dimensions...
Cleaning up raw variables to save storage...

================ Downloading 2026-03-12 ================
Downloading raw ERA5 inputs...
Consolidating into input.nc and fixing dimensions...
Cleaning up raw variables to save storage...

================ Downloading 2026-03-19 ================
Downloading raw ERA5 inputs...
Consolidating into input.nc and fixing dimensions...
Cleaning up raw variables to save storage...

================ Downloading 2026-03-26 ================
Downloading raw ERA5 inputs...
Consolidating into input.nc and fixing dimensions...
Cleaning up raw variables to save storage...

All FuXi initial conditions downloaded and formatted successfully!
